2026-01-07 10:55:58.4 | INFO     | all configurations are loaded, starting the main process...
2026-01-07 10:55:58.4 | INFO     | 
2026-01-07 10:55:58.4 | INFO     | ######################### task 1/1 [my_smart_controller] #########################
Traceback (most recent call last):
  File "/home/zhang/CorrectBench/main.py", line 57, in <module>
    main(config_path)
  File "/home/zhang/CorrectBench/main.py", line 32, in main
    al.run_autoline()
  File "/home/zhang/CorrectBench/autoline/TB_autoline.py", line 27, in run_autoline
    autoline()
  File "/home/zhang/CorrectBench/autoline/TB_autoline.py", line 57, in __call__
    return self.run(*args, **kwargs)
           ^^^^^^^^^^^^^^^^^^^^^^^^^
  File "/home/zhang/CorrectBench/autoline/TB_autoline.py", line 48, in run
    one_task = AutoLine_Task(probdata_single, self.config)
               ^^^^^^^^^^^^^^^^^^^^^^^^^^^^^^^^^^^^^^^^^^^
  File "/home/zhang/CorrectBench/autoline/TB_autoline.py", line 82, in __init__
    self.DUT_golden = prob_data['module_code']
                      ~~~~~~~~~^^^^^^^^^^^^^^^
KeyError: 'module_code'
